TN:
SF:components/RestaurantItem.vue
FNF:0
FNH:0
DA:8,0
DA:12,0
LF:2
LH:0
BRF:0
BRH:0
end_of_record
TN:
SF:components/CounterExample/CounterExample.vue
FNF:0
FNH:0
DA:65,1
DA:66,1
DA:107,1
LF:3
LH:3
BRF:0
BRH:0
end_of_record
TN:
SF:components/FetchExample/FetchExample.vue
FNF:0
FNH:0
DA:33,1
DA:56,1
LF:2
LH:2
BRF:0
BRH:0
end_of_record
TN:
SF:components/JetLogo/JetLogo.vue
FNF:0
FNH:0
DA:8,0
DA:12,0
LF:2
LH:0
BRF:0
BRH:0
end_of_record
TN:
SF:components/SettingsIcon/SettingsIcon.vue
FNF:0
FNH:0
DA:8,0
DA:12,0
LF:2
LH:0
BRF:0
BRH:0
end_of_record
TN:
SF:components/ShoppingCart/ShoppingCart.vue
FNF:0
FNH:0
DA:8,0
DA:12,0
LF:2
LH:0
BRF:0
BRH:0
end_of_record
TN:
SF:components/SlickSlide/SlickSlide.vue
FNF:0
FNH:0
DA:34,0
DA:59,0
LF:2
LH:0
BRF:0
BRH:0
end_of_record
TN:
SF:components/TheFooter/TheFooter.vue
FNF:0
FNH:0
DA:31,0
DA:33,0
DA:37,0
LF:3
LH:0
BRF:0
BRH:0
end_of_record
TN:
SF:components/TheHeader/TheHeader.vue
FN:20,_interopRequireDefault
FNF:1
FNH:0
FNDA:0,_interopRequireDefault
DA:17,0
DA:19,0
DA:20,0
DA:28,0
LF:4
LH:0
BRDA:20,0,0,0
BRDA:20,0,1,0
BRF:2
BRH:0
end_of_record
TN:
SF:pages/index.vue
FN:17,_interopRequireDefault
FNF:1
FNH:0
FNDA:0,_interopRequireDefault
DA:17,0
LF:1
LH:0
BRDA:17,0,0,0
BRDA:17,0,1,0
BRF:2
BRH:0
end_of_record
TN:
SF:pages/api-example/index.vue
FNF:0
FNH:0
DA:3,0
DA:5,0
LF:2
LH:0
BRF:0
BRH:0
end_of_record
TN:
SF:pages/counter/index.vue
FNF:0
FNH:0
DA:8,0
DA:10,0
LF:2
LH:0
BRF:0
BRH:0
end_of_record
